[    0.000000] Linux version 4.15.0-212-generic (buildd@lcy02-amd64-083) (gcc version 7.5.0 (Ubuntu 7.5.0-3ubuntu1~18.04)) #223-Ubuntu SMP Tue May 23 13:09:22 UTC 2023 (Ubuntu 4.15.0-212.223-generic 4.15.18)
[    0.000000] Command line: BOOT_IMAGE=/boot/vmlinuz-4.15.0-212-generic root=LABEL=cloudimg-rootfs ro console=tty1 console=ttyS0
[    0.000000] KERNEL supported cpus:
[    0.000000]   Intel GenuineIntel
[    0.000000]   AMD AuthenticAMD
[    0.000000]   Centaur CentaurHauls
[    0.000000] x86/fpu: x87 FPU will use FXSAVE
[    0.000000] e820: BIOS-provided physical RAM map:
[    0.000000] BIOS-e820: [mem 0x0000000000000000-0x000000000009fbff] usable
[    0.000000] BIOS-e820: [mem 0x000000000009fc00-0x000000000009ffff] reserved
[    0.000000] BIOS-e820: [mem 0x00000000000f0000-0x00000000000fffff] reserved
[    0.000000] BIOS-e820: [mem 0x0000000000100000-0x000000001ffeffff] usable
[    0.000000] BIOS-e820: [mem 0x000000001fff0000-0x000000001fffffff] ACPI data
[    0.000000] BIOS-e820: [mem 0x00000000fec00000-0x00000000fec00fff] reserved
[    0.000000] BIOS-e820: [mem 0x00000000fee00000-0x00000000fee00fff] reserved
[    0.000000] BIOS-e820: [mem 0x00000000fffc0000-0x00000000ffffffff] reserved
[    0.000000] NX (Execute Disable) protection: active
[    0.000000] SMBIOS 2.5 present.
[    0.000000] DMI: innotek GmbH VirtualBox/VirtualBox, BIOS VirtualBox 12/01/2006
[    0.000000] Hypervisor detected: KVM
[    0.000000] e820: last_pfn = 0x1fff0 max_arch_pfn = 0x400000000
[    0.000000] MTRR: Disabled
[    0.000000] x86/PAT: MTRRs disabled, skipping PAT initialization too.
[    0.000000] CPU MTRRs all blank - virtualized system.
[    0.000000] x86/PAT: Configuration [0-7]: WB  WT  UC- UC  WB  WT  UC- UC  
[    0.000000] found SMP MP-table at [mem 0x0009fff0-0x0009ffff]
[    0.000000] Scanning 1 areas for low memory corruption
[    0.000000] RAMDISK: [mem 0x1db01000-0x1ee12fff]
[    0.000000] ACPI: Early table checksum verification disabled
[    0.000000] ACPI: RSDP 0x00000000000E0000 000024 (v02 VBOX  )
[    0.000000] ACPI: XSDT 0x000000001FFF0030 00003C (v01 VBOX   VBOXXSDT 00000001 ASL  00000061)
[    0.000000] ACPI: FACP 0x000000001FFF00F0 0000F4 (v04 VBOX   VBOXFACP 00000001 ASL  00000061)
[    0.000000] ACPI: DSDT 0x000000001FFF0610 002353 (v02 VBOX   VBOXBIOS 00000002 INTL 20100528)
[    0.000000] ACPI: FACS 0x000000001FFF0200 000040
[    0.000000] ACPI: FACS 0x000000001FFF0200 000040
[    0.000000] ACPI: APIC 0x000000001FFF0240 000054 (v02 VBOX   VBOXAPIC 00000001 ASL  00000061)
[    0.000000] ACPI: SSDT 0x000000001FFF02A0 00036C (v01 VBOX   VBOXCPUT 00000002 INTL 20100528)
[    0.000000] ACPI: Reserving FACP table memory at [mem 0x1fff00f0-0x1fff01e3]
[    0.000000] ACPI: Reserving DSDT table memory at [mem 0x1fff0610-0x1fff2962]
[    0.000000] ACPI: Reserving FACS table memory at [mem 0x1fff0200-0x1fff023f]
[    0.000000] ACPI: Reserving FACS table memory at [mem 0x1fff0200-0x1fff023f]
[    0.000000] ACPI: Reserving APIC table memory at [mem 0x1fff0240-0x1fff0293]
[    0.000000] ACPI: Reserving SSDT table memory at [mem 0x1fff02a0-0x1fff060b]
[    0.000000] No NUMA configuration found
[    0.000000] Faking a node at [mem 0x0000000000000000-0x000000001ffeffff]
[    0.000000] NODE_DATA(0) allocated [mem 0x1ffc5000-0x1ffeffff]
[    0.000000] kvm-clock: cpu 0, msr 0:1ff44001, primary cpu clock
[    0.000000] kvm-clock: Using msrs 4b564d01 and 4b564d00
[    0.000000] kvm-clock: using sched offset of 5724604087 cycles
[    0.000000] clocksource: kvm-clock: mask: 0xffffffffffffffff max_cycles: 0x1cd42e4dffb, max_idle_ns: 881590591483 ns
[    0.000000] Zone ranges:
[    0.000000]   DMA      [mem 0x0000000000001000-0x0000000000ffffff]
[    0.000000]   DMA32    [mem 0x0000000001000000-0x000000001ffeffff]
[    0.000000]   Normal   empty
[    0.000000]   Device   empty
[    0.000000] Movable zone start for each node
[    0.000000] Early memory node ranges
[    0.000000]   node   0: [mem 0x0000000000001000-0x000000000009efff]
[    0.000000]   node   0: [mem 0x0000000000100000-0x000000001ffeffff]
[    0.000000] Reserved but unavailable: 104 pages
[    0.000000] Initmem setup node 0 [mem 0x0000000000001000-0x000000001ffeffff]
[    0.000000] ACPI: PM-Timer IO Port: 0x4008
[    0.000000] IOAPIC[0]: apic_id 1, version 32, address 0xfec00000, GSI 0-23
[    0.000000] ACPI: INT_SRC_OVR (bus 0 bus_irq 0 global_irq 2 dfl dfl)
[    0.000000] ACPI: INT_SRC_OVR (bus 0 bus_irq 9 global_irq 9 low level)
[    0.000000] Using ACPI (MADT) for SMP configuration information
[    0.000000] smpboot: Allowing 1 CPUs, 0 hotplug CPUs
[    0.000000] PM: Registered nosave memory: [mem 0x00000000-0x00000fff]
[    0.000000] PM: Registered nosave memory: [mem 0x0009f000-0x0009ffff]
[    0.000000] PM: Registered nosave memory: [mem 0x000a0000-0x000effff]
[    0.000000] PM: Registered nosave memory: [mem 0x000f0000-0x000fffff]
[    0.000000] e820: [mem 0x20000000-0xfebfffff] available for PCI devices
[    0.000000] Booting paravirtualized kernel on KVM
[    0.000000] clocksource: refined-jiffies: mask: 0xffffffff max_cycles: 0xffffffff, max_idle_ns: 7645519600211568 ns
[    0.000000] setup_percpu: NR_CPUS:8192 nr_cpumask_bits:1 nr_cpu_ids:1 nr_node_ids:1
[    0.000000] percpu: Embedded 50 pages/cpu s167936 r8192 d28672 u2097152
[    0.000000] PV qspinlock hash table entries: 256 (order: 0, 4096 bytes)
[    0.000000] Built 1 zonelists, mobility grouping on.  Total pages: 128889
[    0.000000] Policy zone: DMA32
[    0.000000] Kernel command line: BOOT_IMAGE=/boot/vmlinuz-4.15.0-212-generic root=LABEL=cloudimg-rootfs ro console=tty1 console=ttyS0
[    0.000000] Memory: 466748K/523832K available (12300K kernel code, 2477K rwdata, 4324K rodata, 2480K init, 2720K bss, 57084K reserved, 0K cma-reserved)
[    0.000000] SLUB: HWalign=64, Order=0-3, MinObjects=0, CPUs=1, Nodes=1
[    0.000000] ftrace: allocating 39508 entries in 155 pages
[    0.004000] Hierarchical RCU implementation.
[    0.004000] 	RCU restricting CPUs from NR_CPUS=8192 to nr_cpu_ids=1.
[    0.004000] 	Tasks RCU enabled.
[    0.004000] RCU: Adjusting geometry for rcu_fanout_leaf=16, nr_cpu_ids=1
[    0.004000] NR_IRQS: 524544, nr_irqs: 256, preallocated irqs: 16
[    0.004000] random: crng init done
[    0.004000] Console: colour VGA+ 80x25
[    0.004000] console [tty1] enabled
[    0.004000] console [ttyS0] enabled
[    0.004000] ACPI: Core revision 20170831
[    0.004000] ACPI: 2 ACPI AML tables successfully acquired and loaded
[    0.004000] APIC: Switch to symmetric I/O mode setup
[    0.008000] ..TIMER: vector=0x30 apic1=0 pin1=2 apic2=-1 pin2=-1
[    0.012015] tsc: Detected 1094.398 MHz processor
[    0.016028] Calibrating delay loop (skipped) preset value.. 2188.79 BogoMIPS (lpj=4377592)
[    0.020019] pid_max: default: 32768 minimum: 301
[    0.024083] Security Framework initialized
[    0.028018] Yama: becoming mindful.
[    0.032076] AppArmor: AppArmor initialized
[    0.036250] Dentry cache hash table entries: 65536 (order: 7, 524288 bytes)
[    0.040114] Inode-cache hash table entries: 32768 (order: 6, 262144 bytes)
[    0.044070] Mount-cache hash table entries: 1024 (order: 1, 8192 bytes)
[    0.048035] Mountpoint-cache hash table entries: 1024 (order: 1, 8192 bytes)
[    0.058431] Last level iTLB entries: 4KB 48, 2MB 0, 4MB 0
[    0.060016] Last level dTLB entries: 4KB 0, 2MB 0, 4MB 0, 1GB 0
[    0.064021] Spectre V1 : Mitigation: usercopy/swapgs barriers and __user pointer sanitization
[    0.068019] Spectre V2 : Mitigation: Retpolines
[    0.072013] Spectre V2 : Spectre v2 / SpectreRSB mitigation: Filling RSB on context switch
[    0.076012] Spectre V2 : Spectre v2 / SpectreRSB : Filling RSB on VMEXIT
[    0.100000] Freeing SMP alternatives memory: 36K
[    0.216018] APIC calibration not consistent with PM-Timer: 106ms instead of 100ms
[    0.220000] APIC delta adjusted to PM-Timer: 6364266 (6750385)
[    0.221477] smpboot: CPU0: Intel(R) Celeron(R) CPU N3350 @ 1.10GHz (family: 0x6, model: 0x5c, stepping: 0x9)
[    0.224223] Performance Events: unsupported p6 CPU model 92 no PMU driver, software events only.
[    0.228189] Hierarchical SRCU implementation.
[    0.232922] NMI watchdog: Perf event create on CPU 0 failed with -2
[    0.236164] NMI watchdog: Perf NMI watchdog permanently disabled
[    0.240169] smp: Bringing up secondary CPUs ...
[    0.244019] smp: Brought up 1 node, 1 CPU
[    0.248019] smpboot: Max logical packages: 1
[    0.252023] smpboot: Total of 1 processors activated (2188.79 BogoMIPS)
[    0.256374] devtmpfs: initialized
[    0.260156] x86/mm: Memory block size: 128MB
[    0.265051] evm: security.selinux
[    0.268029] evm: security.SMACK64
[    0.272019] evm: security.SMACK64EXEC
[    0.276018] evm: security.SMACK64TRANSMUTE
[    0.280018] evm: security.SMACK64MMAP
[    0.284018] evm: security.apparmor
[    0.288018] evm: security.ima
[    0.292019] evm: security.capability
[    0.296323] clocksource: jiffies: mask: 0xffffffff max_cycles: 0xffffffff, max_idle_ns: 7645041785100000 ns
[    0.300056] futex hash table entries: 256 (order: 2, 16384 bytes)
[    0.304132] pinctrl core: initialized pinctrl subsystem
[    0.308897] RTC time: 15:08:36, date: 11/10/24
[    0.312340] NET: Registered protocol family 16
[    0.316271] audit: initializing netlink subsys (disabled)
[    0.320368] cpuidle: using governor ladder
[    0.324038] audit: type=2000 audit(1731251322.773:1): state=initialized audit_enabled=0 res=1
[    0.328035] cpuidle: using governor menu
[    0.332167] ACPI: bus type PCI registered
[    0.336020] acpiphp: ACPI Hot Plug PCI Controller Driver version: 0.5
[    0.340748] PCI: Using configuration type 1 for base access
[    0.346536] HugeTLB registered 2.00 MiB page size, pre-allocated 0 pages
[    0.348570] ACPI: Added _OSI(Module Device)
[    0.352029] ACPI: Added _OSI(Processor Device)
[    0.356022] ACPI: Added _OSI(3.0 _SCP Extensions)
[    0.360022] ACPI: Added _OSI(Processor Aggregator Device)
[    0.364051] ACPI: Added _OSI(Linux-Dell-Video)
[    0.368070] ACPI: Added _OSI(Linux-Lenovo-NV-HDMI-Audio)
[    0.372020] ACPI: Added _OSI(Linux-HPI-Hybrid-Graphics)
[    0.377683] ACPI: Executed 1 blocks of module-level executable AML code
[    0.392526] ACPI: Interpreter enabled
[    0.396055] ACPI: (supports S0 S5)
[    0.400020] ACPI: Using IOAPIC for interrupt routing
[    0.404971] PCI: Using host bridge windows from ACPI; if necessary, use "pci=nocrs" and report a bug
[    0.408580] ACPI: Enabled 2 GPEs in block 00 to 07
[    0.437801] ACPI: PCI Root Bridge [PCI0] (domain 0000 [bus 00-ff])
[    0.440046] acpi PNP0A03:00: _OSC: OS supports [ASPM ClockPM Segments MSI]
[    0.448645] acpi PNP0A03:00: _OSC: not requesting OS control; OS requires [ExtendedConfig ASPM ClockPM MSI]
[    0.452068] acpi PNP0A03:00: fail to add MMCONFIG information, can't access extended PCI configuration space under this bridge.
[    0.461049] PCI host bridge to bus 0000:00
[    0.464029] pci_bus 0000:00: root bus resource [io  0x0000-0x0cf7 window]
[    0.468028] pci_bus 0000:00: root bus resource [io  0x0d00-0xffff window]
[    0.472028] pci_bus 0000:00: root bus resource [mem 0x000a0000-0x000bffff window]
[    0.476025] pci_bus 0000:00: root bus resource [mem 0x20000000-0xfdffffff window]
[    0.480023] pci_bus 0000:00: root bus resource [bus 00-ff]
[    0.501469] pci 0000:00:01.1: legacy IDE quirk: reg 0x10: [io  0x01f0-0x01f7]
[    0.504025] pci 0000:00:01.1: legacy IDE quirk: reg 0x14: [io  0x03f6]
[    0.508025] pci 0000:00:01.1: legacy IDE quirk: reg 0x18: [io  0x0170-0x0177]
[    0.512023] pci 0000:00:01.1: legacy IDE quirk: reg 0x1c: [io  0x0376]
[    0.558454] pci 0000:00:07.0: quirk: [io  0x4000-0x403f] claimed by PIIX4 ACPI
[    0.560099] pci 0000:00:07.0: quirk: [io  0x4100-0x410f] claimed by PIIX4 SMB
[    0.596061] ACPI: PCI Interrupt Link [LNKA] (IRQs 5 9 10 *11)
[    0.604623] ACPI: PCI Interrupt Link [LNKB] (IRQs 5 9 *10 11)
[    0.608537] ACPI: PCI Interrupt Link [LNKC] (IRQs 5 *9 10 11)
[    0.612545] ACPI: PCI Interrupt Link [LNKD] (IRQs 5 9 10 *11)
[    0.616989] SCSI subsystem initialized
[    0.620328] pci 0000:00:02.0: vgaarb: setting as boot VGA device
[    0.624000] pci 0000:00:02.0: vgaarb: VGA device added: decodes=io+mem,owns=io+mem,locks=none
[    0.624028] pci 0000:00:02.0: vgaarb: bridge control possible
[    0.628019] vgaarb: loaded
[    0.632123] ACPI: bus type USB registered
[    0.636083] usbcore: registered new interface driver usbfs
[    0.640081] usbcore: registered new interface driver hub
[    0.644067] usbcore: registered new device driver usb
[    0.648219] EDAC MC: Ver: 3.0.0
[    0.653704] PCI: Using ACPI for IRQ routing
[    0.660502] NetLabel: Initializing
[    0.664011] NetLabel:  domain hash size = 128
[    0.668016] NetLabel:  protocols = UNLABELED CIPSOv4 CALIPSO
[    0.672074] NetLabel:  unlabeled traffic allowed by default
[    0.676413] clocksource: Switched to clocksource kvm-clock
[    0.780003] VFS: Disk quotas dquot_6.6.0
[    0.788456] VFS: Dquot-cache hash table entries: 512 (order 0, 4096 bytes)
[    0.801517] AppArmor: AppArmor Filesystem Enabled
[    0.811519] pnp: PnP ACPI init
[    0.822254] pnp: PnP ACPI: found 3 devices
[    0.842913] clocksource: acpi_pm: mask: 0xffffff max_cycles: 0xffffff, max_idle_ns: 2085701024 ns
[    0.859570] NET: Registered protocol family 2
[    0.868957] IP idents hash table entries: 8192 (order: 4, 65536 bytes)
[    0.882101] TCP established hash table entries: 4096 (order: 3, 32768 bytes)
[    0.896288] TCP bind hash table entries: 4096 (order: 4, 65536 bytes)
[    0.908783] TCP: Hash tables configured (established 4096 bind 4096)
[    0.922110] UDP hash table entries: 256 (order: 1, 8192 bytes)
[    0.933285] UDP-Lite hash table entries: 256 (order: 1, 8192 bytes)
[    0.945660] NET: Registered protocol family 1
[    0.954609] pci 0000:00:00.0: Limiting direct PCI/PCI transfers
[    0.966197] pci 0000:00:01.0: Activating ISA DMA hang workarounds
[    0.977640] pci 0000:00:02.0: Video device with shadowed ROM at [mem 0x000c0000-0x000dffff]
[    0.997553] Unpacking initramfs...
[    2.072021] Freeing initrd memory: 19528K
[    2.085654] clocksource: tsc: mask: 0xffffffffffffffff max_cycles: 0xfc66d6d9ff, max_idle_ns: 440795228903 ns
[    2.105217] platform rtc_cmos: registered platform RTC device (no PNP device found)
[    2.120721] Scanning for low memory corruption every 60 seconds
[    2.133991] Initialise system trusted keyrings
[    2.142595] Key type blacklist registered
[    2.152060] workingset: timestamp_bits=36 max_order=17 bucket_order=0
[    2.171422] zbud: loaded
[    2.178488] squashfs: version 4.0 (2009/01/31) Phillip Lougher
[    2.191250] fuse init (API version 7.26)
[    2.203050] Key type asymmetric registered
[    2.212642] Asymmetric key parser 'x509' registered
[    2.222728] Block layer SCSI generic (bsg) driver version 0.4 loaded (major 246)
[    2.237398] io scheduler noop registered
[    2.245942] io scheduler deadline registered
[    2.264689] io scheduler cfq registered (default)
[    2.277798] ACPI: AC Adapter [AC] (off-line)
[    2.289654] input: Power Button as /devices/LNXSYSTM:00/LNXPWRBN:00/input/input0
[    2.310092] ACPI: Power Button [PWRF]
[    2.319172] input: Sleep Button as /devices/LNXSYSTM:00/LNXSLPBN:00/input/input1
[    2.337465] ACPI: Sleep Button [SLPF]
[    2.350997] ACPI: Battery Slot [BAT0] (battery present)
[    2.361621] Serial: 8250/16550 driver, 32 ports, IRQ sharing enabled
[    2.429073] 00:02: ttyS0 at I/O 0x3f8 (irq = 4, base_baud = 115200) is a 16550A
[    2.448265] Linux agpgart interface v0.103
[    2.470171] loop: module loaded
[    2.481291] scsi host0: ata_piix
[    2.489769] scsi host1: ata_piix
[    2.496502] ata1: PATA max UDMA/33 cmd 0x1f0 ctl 0x3f6 bmdma 0xd000 irq 14
[    2.510254] ata2: PATA max UDMA/33 cmd 0x170 ctl 0x376 bmdma 0xd008 irq 15
[    2.527124] tun: Universal TUN/TAP device driver, 1.6
[    2.537963] PPP generic driver version 2.4.2
[    2.546665] ehci_hcd: USB 2.0 'Enhanced' Host Controller (EHCI) Driver
[    2.559766] ehci-pci: EHCI PCI platform driver
[    2.568717] ehci-platform: EHCI generic platform driver
[    2.579980] ohci_hcd: USB 1.1 'Open' Host Controller (OHCI) Driver
[    2.592466] ohci-pci: OHCI PCI platform driver
[    2.601189] ohci-platform: OHCI generic platform driver
[    2.612130] uhci_hcd: USB Universal Host Controller Interface driver
[    2.623783] i8042: PNP: PS/2 Controller [PNP0303:PS2K,PNP0f03:PS2M] at 0x60,0x64 irq 1,12
[    2.646450] serio: i8042 KBD port at 0x60,0x64 irq 1
[    2.656488] serio: i8042 AUX port at 0x60,0x64 irq 12
[    2.666830] mousedev: PS/2 mouse device common for all mice
[    2.680957] input: AT Translated Set 2 keyboard as /devices/platform/i8042/serio0/input/input2
[    2.789720] rtc_cmos rtc_cmos: rtc core: registered rtc_cmos as rtc0
[    2.803980] rtc_cmos rtc_cmos: alarms up to one day, 114 bytes nvram
[    2.818028] i2c /dev entries driver
[    2.825574] device-mapper: uevent: version 1.0.3
[    2.835876] device-mapper: ioctl: 4.37.0-ioctl (2017-09-20) initialised: dm-devel@redhat.com
[    2.851832] ledtrig-cpu: registered to indicate activity on CPUs
[    2.865265] NET: Registered protocol family 10
[    2.887587] Segment Routing with IPv6
[    2.895314] NET: Registered protocol family 17
[    2.905047] Key type dns_resolver registered
[    2.913724] mce: Using 0 MCE banks
[    2.921064] RAS: Correctable Errors collector initialized.
[    2.931552] sched_clock: Marking stable (2931290314, 0)->(5127188745, -2195898431)
[    2.946486] registered taskstats version 1
[    2.954639] Loading compiled-in X.509 certificates
[    2.972662] Loaded X.509 cert 'Build time autogenerated kernel key: b5b26778eaa3ab3a4a6cee031137706e947d12ad'
[    2.993466] Loaded X.509 cert 'Canonical Ltd. Live Patch Signing: 14df34d1a87cf37625abec039ef2bf521249b969'
[    3.013095] Loaded X.509 cert 'Canonical Ltd. Kernel Module Signing: 88f752e560a1e0737e31163a466ad7b70a850c19'
[    3.032378] blacklist: Loading compiled-in revocation X.509 certificates
[    3.045720] Loaded X.509 cert 'Canonical Ltd. Secure Boot Signing: 61482aa2830d0ab2ad5af10b7250da9033ddcef0'
[    3.065976] Loaded X.509 cert 'Canonical Ltd. Secure Boot Signing (2017): 242ade75ac4a15e50d50c84b0d45ff3eae707a03'
[    3.085956] Loaded X.509 cert 'Canonical Ltd. Secure Boot Signing (ESM 2018): 365188c1d374d6b07c3c8f240f8ef722433d6a8b'
[    3.105080] Loaded X.509 cert 'Canonical Ltd. Secure Boot Signing (2019): c0746fd6c5da3ae827864651ad66ae47fe24b3e8'
[    3.124647] Loaded X.509 cert 'Canonical Ltd. Secure Boot Signing (2021 v1): a8d54bbb3825cfb94fa13c9f8a594a195c107b8d'
[    3.144576] Loaded X.509 cert 'Canonical Ltd. Secure Boot Signing (2021 v2): 4cf046892d6fd3c9a5b03f98d845f90851dc6a8c'
[    3.164892] Loaded X.509 cert 'Canonical Ltd. Secure Boot Signing (2021 v3): 100437bb6de6e469b581e61cd66bce3ef4ed53af'
[    3.185540] Loaded X.509 cert 'Canonical Ltd. Secure Boot Signing (Ubuntu Core 2019): c1d57b8f6b743f23ee41f4f7ee292f06eecadfb9'
[    3.206691] zswap: loaded using pool lzo/zbud
[    3.227978] Key type big_key registered
[    3.236568] Key type trusted registered
[    3.254883] Key type encrypted registered
[    3.263979] AppArmor: AppArmor sha1 policy hashing enabled
[    3.275219] ima: No TPM chip found, activating TPM-bypass! (rc=-19)
[    3.287130] ima: Allocated hash algorithm: sha1
[    3.296361] evm: HMAC attrs: 0x1
[    3.306393]   Magic number: 0:438:133
[    3.315364] rtc_cmos rtc_cmos: setting system clock to 2024-11-10 15:08:40 UTC (1731251320)
[    3.331386] BIOS EDD facility v0.16 2004-Jun-25, 0 devices found
[    3.343880] EDD information not available.
[    3.358923] Freeing unused kernel image memory: 2480K
[    3.376722] Write protecting the kernel read-only data: 20480k
[    3.388811] Freeing unused kernel image memory: 2008K
[    3.400542] Freeing unused kernel image memory: 1820K
[    3.427923] x86/mm: Checked W+X mappings: passed, no W+X pages found.
Loading, please wait...
starting version 237
[    3.796083] e1000: Intel(R) PRO/1000 Network Driver - version 7.3.21-k8-NAPI
[    3.810179] e1000: Copyright (c) 1999-2006 Intel Corporation.
[    3.836988] Fusion MPT base driver 3.04.20
[    3.845887] Copyright (c) 1999-2008 LSI Corporation
[    3.973503] SSE version of gcm_enc/dec engaged.
[    4.036214] Fusion MPT SPI Host driver 3.04.20
[    4.217899] input: ImExPS/2 Generic Explorer Mouse as /devices/platform/i8042/serio1/input/input4
[    5.330176] e1000 0000:00:03.0 eth0: (PCI:33MHz:32-bit) 02:3b:7b:b7:3b:2d
[    5.343239] e1000 0000:00:03.0 eth0: Intel(R) PRO/1000 Network Connection
[    5.363676] mptbase: ioc0: Initiating bringup
[    5.514981] ioc0: LSI53C1030 A0: Capabilities={Initiator}
[    5.918658] scsi host2: ioc0: LSI53C1030 A0, FwRev=00000000h, Ports=1, MaxQ=256, IRQ=20
[    6.107516] scsi 2:0:0:0: Direct-Access     VBOX     HARDDISK         1.0  PQ: 0 ANSI: 5
[    6.139578] scsi target2:0:0: Beginning Domain Validation
[    6.166513] scsi target2:0:0: Domain Validation skipping write tests
[    6.180993] scsi target2:0:0: Ending Domain Validation
[    6.225018] scsi target2:0:0: asynchronous
[    6.256292] scsi 2:0:1:0: Direct-Access     VBOX     HARDDISK         1.0  PQ: 0 ANSI: 5
[    6.287622] scsi target2:0:1: Beginning Domain Validation
[    6.352038] scsi target2:0:1: Domain Validation skipping write tests
[    6.364446] scsi target2:0:1: Ending Domain Validation
[    6.402969] scsi target2:0:1: asynchronous
[    6.582001] sd 2:0:0:0: [sda] 83886080 512-byte logical blocks: (42.9 GB/40.0 GiB)
[    6.596283] sd 2:0:0:0: Attached scsi generic sg0 type 0
[    6.610109] sd 2:0:1:0: Attached scsi generic sg1 type 0
[    6.635575] sd 2:0:0:0: [sda] Write Protect is off
[    6.646222] sd 2:0:1:0: [sdb] 20480 512-byte logical blocks: (10.5 MB/10.0 MiB)
[    6.662036] sd 2:0:0:0: [sda] Incomplete mode parameter data
[    6.673221] sd 2:0:0:0: [sda] Assuming drive cache: write through
[    6.699533] sd 2:0:1:0: [sdb] Write Protect is off
[    6.723768] sd 2:0:1:0: [sdb] Incomplete mode parameter data
[    6.735133] sd 2:0:1:0: [sdb] Assuming drive cache: write through
[    6.753165]  sda: sda1
[    6.778158] sd 2:0:0:0: [sda] Attached SCSI disk
[    6.844646] sd 2:0:1:0: [sdb] Attached SCSI disk
[    7.768061] e1000 0000:00:08.0 eth1: (PCI:33MHz:32-bit) 08:00:27:df:e2:b8
[    7.781678] e1000 0000:00:08.0 eth1: Intel(R) PRO/1000 Network Connection
[    9.083684] e1000 0000:00:09.0 eth2: (PCI:33MHz:32-bit) 08:00:27:38:33:5a
[    9.098042] e1000 0000:00:09.0 eth2: Intel(R) PRO/1000 Network Connection
[    9.127928] e1000 0000:00:08.0 enp0s8: renamed from eth1
[    9.157165] e1000 0000:00:09.0 enp0s9: renamed from eth2
[    9.208661] e1000 0000:00:03.0 enp0s3: renamed from eth0
Begin: Loading essential drivers ... [   12.828183] raid6: sse2x1   gen()  3925 MB/s
[   12.892573] raid6: sse2x1   xor()  2232 MB/s
[   12.956448] raid6: sse2x2   gen()  4138 MB/s
[   13.032277] raid6: sse2x2   xor()  2675 MB/s
[   13.096843] raid6: sse2x4   gen()  4056 MB/s
[   13.161260] raid6: sse2x4   xor()  1959 MB/s
[   13.172292] raid6: using algorithm sse2x2 gen() 4138 MB/s
[   13.182697] raid6: .... xor() 2675 MB/s, rmw enabled
[   13.196131] raid6: using ssse3x2 recovery algorithm
[   13.209930] xor: measuring software checksum speed
[   13.312143]    prefetch64-sse: 21372.000 MB/sec
[   13.428759]    generic_sse: 19035.000 MB/sec
[   13.437466] xor: using function: prefetch64-sse (21372.000 MB/sec)
[   13.453927] async_tx: api initialized (async)
done.
Begin: Running /scripts/init-premount ... done.
Begin: Mounting root file system ... Begin: Running /scripts/local-top ... done.
Begin: Running /scripts/local-premount ... [   13.651621] Btrfs loaded, crc32c=crc32c-intel
Scanning for Btrfs filesystems
done.
Warning: fsck not present, so skipping root file system
[   13.825923] EXT4-fs (sda1): mounted filesystem with ordered data mode. Opts: (null)
done.
Begin: Running /scripts/local-bottom ... done.
Begin: Running /scripts/init-bottom ... done.
[   14.564622] ip_tables: (C) 2000-2006 Netfilter Core Team
[   14.635069] systemd[1]: systemd 237 running in system mode. (+PAM +AUDIT +SELINUX +IMA +APPARMOR +SMACK +SYSVINIT +UTMP +LIBCRYPTSETUP +GCRYPT +GNUTLS +ACL +XZ +LZ4 +SECCOMP +BLKID +ELFUTILS +KMOD -IDN2 +IDN -PCRE2 default-hierarchy=hybrid)
[   14.677167] systemd[1]: Detected virtualization oracle.
[   14.688394] systemd[1]: Detected architecture x86-64.

Welcome to [1mUbuntu 18.04.6 LTS[0m!

[   14.712567] systemd[1]: Set hostname to <ubuntu>.
[   14.743783] systemd[1]: Initializing machine ID from random generator.
[   14.757095] systemd[1]: Installed transient /etc/machine-id file.
[   15.856737] systemd[1]: Started Forward Password Requests to Wall Directory Watch.
[[0;32m  OK  [0m] Started Forward Password Requests to Wall Directory Watch.
[   15.885103] systemd[1]: Reached target Swap.
[[0;32m  OK  [0m] Reached target Swap.
[   15.906101] systemd[1]: Created slice System Slice.
[[0;32m  OK  [0m] Created slice System Slice.
[   15.943694] systemd[1]: Listening on udev Kernel Socket.
[[0;32m  OK  [0m] Listening on udev Kernel Socket.
[[0;32m  OK  [0m] Listening on Journal Audit Socket.
[[0;32m  OK  [0m] Listening on LVM2 poll daemon socket.
[[0;32m  OK  [0m] Listening on Journal Socket (/dev/log).
[[0;32m  OK  [0m] Reached target User and Group Name Lookups.
[[0;32m  OK  [0m] Listening on Network Service Netlink Socket.
[[0;32m  OK  [0m] Created slice system-serial\x2dgetty.slice.
[[0;32m  OK  [0m] Listening on LVM2 metadata daemon socket.
[[0;32m  OK  [0m] Listening on Journal Socket.
         Starting Create list of required st…ce nodes for the current kernel...
         Starting Load Kernel Modules...
         Starting Set the console keyboard layout...
[   16.176374] Loading iSCSI transport class v2.0-870.
         Mounting POSIX Message Queue File System...
         Mounting Huge Pages File System...
         Starting Uncomplicated firewall...
         Mounting Kernel Debug File System...
[[0;32m  OK  [0m] [   16.299328] iscsi: registered transport (tcp)
Listening on fsck to fsckd communication Socket.
[[0;32m  OK  [0m] Created slice User and Session Slice.
[[0;32m  OK  [0m] Reached target Slices.
[[0;32m  OK  [0m] Set up automount Arbitrary Executab…rmats File System Automount Point.
         Starting File System Check on Root Device...
[[0;32m  OK  [0m] Reached target System Time Synchronized.
[[0;32m  OK  [0m] Listening on /dev/initctl Compatibility Named Pipe.
[[0;32m  OK  [0m] Listening on Syslog Socket.
         Starting Journal Service...
[[0;32m  OK  [0m] Listening on Device-mapper event daemon FIFOs.
         Starting Monitoring of LVM2 mirrors…ng dmeventd or progress polling...
[[0;32m  OK  [0m] Listening on udev Control Socket.
         Starting udev Coldplug all Devices...
[[0;32m  OK  [0m] Reached target Mounting snaps.
[[0;32m  OK  [0m] Reached target Mounted snaps.
[[0;32m  OK  [0m] Started Create list of required sta…vice nodes for the current kernel.
[[0;32m  OK  [0m] Mounted POSIX Message Queue File System.
[[0;32m  OK  [0m] Mounted Huge Pages File System.
[[0;32m  OK  [0m[   16.781290] iscsi: registered transport (iser)
] Started Uncomplicated firewall.
[[0;32m  OK  [0m] Mounted Kernel Debug File System.
[[0;32m  OK  [0m] Started File System Check Daemon to report status.
         Starting Create Static Device Nodes in /dev...
[[0;32m  OK  [0m] Started File System Check on Root Device.
         Starting Remount Root and Kernel File Systems...
[[0;32m  OK  [0m] Started Load Kernel Modules.
         Starting Apply Kernel Variables...
         Mounting Kernel Configuration File System...
         Mounting FUSE Control File System...
[[0;32m  OK  [0m] Mounted Kernel Configuration File System.
[[0;32m  OK  [0m] Mounted FUSE Control File System.
[[0;32m  OK  [0m] Started LVM2 metadata daemon.
[[0;32m  OK  [0m] Started Create Static Device Nodes in /dev.
[   17.356819] EXT4-fs (sda1): re-mounted. Opts: (null)
[[0;32m  OK  [0m] Started Journal Service.
[[0;32m  OK  [0m] Started Apply Kernel Variables.
[[0;32m  OK  [0m] Started Remount Root and Kernel File Systems.
         Starting udev Kernel Device Manager...
         Starting Load/Save Random Seed...
         Starting Flush Journal to Persistent Storage...
[[0;32m  OK  [0m] Started Load/Save Random Seed.
[[0;32m  OK  [0m] Started Monitoring of LVM2 mirrors,…sing dmeventd or progress polling.
[[0;32m  OK  [0m] Started udev Coldplug all Devices.
[[0;32m  OK  [0m] Started udev Kernel Device Manager.
[[0;32m  OK  [0m] Started Flush Journal to Persistent Storage.
[[0;32m  OK  [0m] Found device /dev/ttyS0.
[[0;32m  OK  [0m] Listening on Load/Save RF Kill Switch Status /dev/rfkill Watch.
         Mounting Arbitrary Executable File Formats File System...
[[0;32m  OK  [0m] Mounted Arbitrary Executable File Formats File System.
[[0;32m  OK  [0m] Started Set the console keyboard layout.
[[0;32m  OK  [0m] Started Dispatch Password Requests to Console Directory Watch.
[[0;32m  OK  [0m] Reached target Local Encrypted Volumes.
[[0;32m  OK  [0m] Reached target Local File Systems (Pre).
[[0;32m  OK  [0m] Reached target Local File Systems.
         Starting Commit a transient machine-id on disk...
         Starting Tell Plymouth To Write Out Runtime Data...
         Starting Create Volatile Files and Directories...
         Starting ebtables ruleset management...
         Starting Set console font and keymap...
         Starting AppArmor initialization...
[[0;32m  OK  [0m] Started Commit a transient machine-id on disk.
[[0;32m  OK  [0m] Started Tell Plymouth To Write Out Runtime Data.
[[0;32m  OK  [0m] Started Create Volatile Files and Directories.
         Starting Update UTMP about System Boot/Shutdown...
[[0;32m  OK  [0m] Started Update UTMP about System Boot/Shutdown.
[[0;32m  OK  [0m] Started ebtables ruleset management.
[[0;32m  OK  [0m] Started AppArmor initialization.
         Starting Load AppArmor profiles managed internally by snapd...
         Starting Initial cloud-init job (pre-networking)...
[[0;32m  OK  [0m] Started Load AppArmor profiles managed internally by snapd.
[[0;32m  OK  [0m] Started Set console font and keymap.
[   38.275784] cloud-init[752]: Cloud-init v. 23.1.2-0ubuntu0~18.04.1 running 'init-local' at Sun, 10 Nov 2024 15:09:13 +0000. Up 36.68 seconds.
[[0;32m  OK  [0m] Started Initial cloud-init job (pre-networking).
[[0;32m  OK  [0m] Reached target Network (Pre).
         Starting Network Service...
[[0;32m  OK  [0m] Started Network Service.
         Starting Network Name Resolution...
         Starting Wait for Network to be Configured...
[[0;32m  OK  [0m] Started Network Name Resolution.
[[0;32m  OK  [0m] Reached target Network.
[[0;32m  OK  [0m] Reached target Host and Network Name Lookups.
[[0;32m  OK  [0m] Started Wait for Network to be Configured.
         Starting Initial cloud-init job (metadata service crawler)...
[   43.558857] cloud-init[884]: Cloud-init v. 23.1.2-0ubuntu0~18.04.1 running 'init' at Sun, 10 Nov 2024 15:09:20 +0000. Up 42.83 seconds.
[   43.605205] cloud-init[884]: ci-info: ++++++++++++++++++++++++++++++++++++++Net device info+++++++++++++++++++++++++++++++++++++++
[   43.666399] cloud-init[884]: ci-info: +--------+-------+----------------------------+---------------+--------+-------------------+
[   43.692601] cloud-init[884]: ci-info: | Device |   Up  |          Address           |      Mask     | Scope  |     Hw-Address    |
[   43.742127] cloud-init[884]: ci-info: +--------+-------+----------------------------+---------------+--------+-------------------+
[   43.773342] cloud-init[884]: ci-info: | enp0s3 |  True |         10.0.2.15          | 255.255.255.0 | global | 02:3b:7b:b7:3b:2d |
[   43.806201] cloud-init[884]: ci-info: | enp0s3 |  True | fe80::3b:7bff:feb7:3b2d/64 |       .       |  link  | 02:3b:7b:b7:3b:2d |
[   43.843451] cloud-init[884]: ci-info: | enp0s8 | False |             .              |       .       |   .    | 08:00:27:df:e2:b8 |
[   43.929063] cloud-init[884]: ci-info: | enp0s9 | False |             .              |       .       |   .    | 08:00:27:38:33:5a |
[   43.969626] cloud-init[884]: ci-info: |   lo   |  True |         127.0.0.1          |   255.0.0.0   |  host  |         .         |
[   43.984035] cloud-init[884]: ci-info: |   lo   |  True |          ::1/128           |       .       |  host  |         .         |
[   44.032632] cloud-init[884]: ci-info: +--------+-------+----------------------------+---------------+--------+-------------------+
[   44.093215] cloud-init[884]: ci-info: ++++++++++++++++++++++++++++Route IPv4 info+++++++++++++++++++++++++++++
[   44.180510] cloud-init[884]: ci-info: +-------+-------------+----------+-----------------+-----------+-------+
[   44.193883] cloud-init[884]: ci-info: | Route | Destination | Gateway  |     Genmask     | Interface | Flags |
[   44.225240] cloud-init[884]: ci-info: +-------+-------------+----------+-----------------+-----------+-------+
[   44.246513] cloud-init[884]: ci-info: |   0   |   0.0.0.0   | 10.0.2.2 |     0.0.0.0     |   enp0s3  |   UG  |
[   44.292663] cloud-init[884]: ci-info: |   1   |   10.0.2.0  | 0.0.0.0  |  255.255.255.0  |   enp0s3  |   U   |
[   44.322194] cloud-init[884]: ci-info: |   2   |   10.0.2.2  | 0.0.0.0  | 255.255.255.255 |   enp0s3  |   UH  |
[   44.363610] cloud-init[884]: ci-info: +-------+-------------+----------+-----------------+-----------+-------+
[   44.402609] cloud-init[884]: ci-info: +++++++++++++++++++Route IPv6 info+++++++++++++++++++
[   44.438582] cloud-init[884]: ci-info: +-------+-------------+---------+-----------+-------+
[   44.474284] cloud-init[884]: ci-info: | Route | Destination | Gateway | Interface | Flags |
[   44.501470] cloud-init[884]: ci-info: +-------+-------------+---------+-----------+-------+
[   44.534239] cloud-init[884]: ci-info: |   1   |  fe80::/64  |    ::   |   enp0s3  |   U   |
[   44.569326] cloud-init[884]: ci-info: |   3   |    local    |    ::   |   enp0s3  |   U   |
[   44.596245] cloud-init[884]: ci-info: |   4   |   ff00::/8  |    ::   |   enp0s3  |   U   |
[   44.626651] cloud-init[884]: ci-info: +-------+-------------+---------+-----------+-------+
[   47.667824] cloud-init[884]: Generating public/private rsa key pair.
[   47.703160] cloud-init[884]: Your identification has been saved in /etc/ssh/ssh_host_rsa_key.
[   47.729854] cloud-init[884]: Your public key has been saved in /etc/ssh/ssh_host_rsa_key.pub.
[   47.765151] cloud-init[884]: The key fingerprint is:
[   47.791469] cloud-init[884]: SHA256:7KKJypHsWq8O2HKNEfGoS7ziy9Lq42dO88390IqMATo root@ubuntu-bionic
[   47.827085] cloud-init[884]: The key's randomart image is:
[   47.867567] cloud-init[884]: +---[RSA 2048]----+
[   47.909289] cloud-init[884]: |  .              |
[   47.935837] cloud-init[884]: |   +             |
[   48.002182] cloud-init[884]: |  o .            |
[   48.013735] cloud-init[884]: |.. .   .         |
[   48.027881] cloud-init[884]: |.o..    S        |
[   48.037754] cloud-init[884]: |+o++.  .  .      |
[   48.062319] cloud-init[884]: |*E=o... .. .     |
[   48.086644] cloud-init[884]: |B*==oo*.o o      |
[   48.112144] cloud-init[884]: |O%Xo+o = o..     |
[   48.143458] cloud-init[884]: +----[SHA256]-----+[
[0;32m  OK  [0m] [   48.169533] cloud-initStarted Initial cloud-init job (metadata service crawler).
[[884]: Generating public/private dsa key pair.[0;32m  OK  [0m] Reached target Cloud-config availability.

[   48.210549] [[0;32m  OK  [0m] Reached target Network is Online.cloud-init
[[0;32m  OK  [0m] [884]: Your identification has been saved in /etc/ssh/ssh_host_dsa_key.Reached target Remote File Systems (Pre).
[[0;32m  OK  [0m
[   48.271738] ] Reached target Remote File Systems.cloud-init[884]: 
         Your public key has been saved in /etc/ssh/ssh_host_dsa_key.pub.Starting Availability of block devices...
[[0;32m  OK  [0m] Reached target System Initialization.

[   48.353774] [[0;32m  OK  [0mcloud-init] Listening on D-Bus System Message Bus Socket.[884]: 
[The key fingerprint is:[0;32m  OK  [0m] Started Message of the Day.

         [   48.410875] Starting Socket activation for snappy daemon.cloud-init[884]: 
SHA256:Qo9pAYQtOg6pfCMJSlwzxpra7V1dIjflcBcDJ+Qa9Oc root@ubuntu-bionic[[0;32m  OK  [0m] Listening on UUID daemon activation socket.

[   48.465125] cloud-init[[0;32m  OK  [0m[884]: The key's randomart image is:] Started Daily Cleanup of Temporary Directories.
[   48.485689] cloud-init
[884]: +---[DSA 1024]----+[[0;32m  OK  [0m
] Listening on cloud-init hotplug hook socket.[   48.509882] cloud-init
[[884]: |  .+o     ..+.+. |[0;32m  OK  [0m
[   48.526497] ] Started Daily apt download activities.
[[0;32m  OK  [0m] Started Daily apt upgrade and clean activities.cloud-init[884]: |  o*..   ..ooo.. |
[   48.563222] 
[[0;32m  OK  [0mcloud-init[884]: |.o=.o o   .=o..  |
[   48.598757] cloud-init[884]: |*=   . =. +ooo   |
[   48.608181] ] Started Discard unused blocks once a week.cloud-init[884]: |Xo..  = S+.+  E  |

[   48.633990] cloud-init[884]: |+=.o.. .. .      |
[[0;32m  OK  [0m[   48.650005] cloud-init[884]: |  o... .         |] Listening on Open-iSCSI iscsid Socket.
[
[   48.671176] cloud-init[884]: [0;32m  OK  [0m] Listening on ACPID Listen Socket.|    . .          |

[   48.691972] cloud-init         [884]: Starting LXD - unix socket.
[[0;32m  OK  [0m] Started Ubuntu Advantage Timer for running repeated jobs.
[[0;32m  OK  [0m] Reached target Timers.
|                 |
[   48.775360] cloud-init[[0;32m  OK  [0m] Started ACPI Events Check.[884]: 
[[0;32m  OK  [0m] Reached target Paths.+----[SHA256]-----+
[
[0;32m  OK  [0m] Started Availability of block devices.[   48.846754] 
[[0;32m  OK  [0mcloud-init[884]: ] Listening on Socket activation for snappy daemon.
Generating public/private ecdsa key pair.[[0;32m  OK  [0m] 
[   48.895416] Listening on LXD - unix socket.
[cloud-init[0;32m  OK  [0m] Reached target Sockets.[884]: Your identification has been saved in /etc/ssh/ssh_host_ecdsa_key.
[[0;32m  OK  [0m] Reached target Basic System.

[   48.950289]          cloud-init[884]: Starting LSB: automatic crash report generation...
Your public key has been saved in /etc/ssh/ssh_host_ecdsa_key.pub.         Starting LSB: Record successful boot for GRUB...
         Starting Accounts Service...
[[0;32m  OK  [0m
] Started D-Bus System Message Bus.[   49.106560] 
cloud-init[884]: The key fingerprint is:
[   49.200976] cloud-init[884]: SHA256:jAnEj1o92wvklwssCvbGcsRaBKIrP8aBWxigo2fSDRA root@ubuntu-bionic
[   49.369836] cloud-init[884]: The key's randomart image is:
[   49.414648]          Starting LXD - container startup/shutdown...cloud-init
[[0;32m  OK  [0m] Started FUSE filesystem for LXC.
[[0;32m  OK  [0m] Started Deferred execution scheduler.
[[0;32m  OK  [0m] Started irqbalance daemon.[884]: +---[ECDSA 256]---+
         Starting Permit User Sessions...

[   49.661058] cloud-init         Starting Snap Daemon...
         Starting Pollinate to seed the pseudo random number generator...
[884]: |E. ..            |         Starting Dispatcher daemon for systemd-networkd...

[   49.824456]          Starting Login Service...
         Starting Virtualbox guest utils...cloud-init
[[0;32m  OK  [0m] Reached target Login Prompts (Pre).
[884]:          Starting System Logging Service...
[[0;32m  OK  [0m] Started Regular background program processing daemon.|+. ..            |
[[0;32m  OK  [0m] Started Permit User Sessions.
         Starting Authorization Manager...
         Starting Hold until boot process finishes up...
         Starting Terminate Plymouth Boot Screen...
[[0;32m  OK  [0m] Started Terminate Plymouth Boot Screen.
[[0;32m  OK  [0m] Started Hold until boot process finishes up.

         Starting Set console scheme...
[[0;32m  OK  [0m] Started Serial Getty on ttyS0.
[   50.549612] cloud-init[[884]: |=.. .+           |[0;32m  OK  [0m] Started Set console scheme.
[[0;32m  OK  [0m] Created slice system-getty.slice.
[[0;32m  OK  [0m] Started Getty on tty1.
[[0;32m  OK  [0m] Reached target Login Prompts.

[[0;32m  OK  [0m] Started Login Service.
[   50.819903] [[0;32m  OK  [0m] Started Unattended Upgrades Shutdown.
cloud-init[884]: |= ..o.=+         |[[0;32m  OK  [0m] Started LSB: automatic crash report generation.

[[0;32m  OK  [0m] Started System Logging Service.[   50.999040] 
[[0;32m  OK  [0m] Started Authorization Manager.
[[0;32m  OK  [0m] Started Accounts Service.
cloud-init[[0;32m  OK  [0m] Started LSB: Record successful boot for GRUB.
[884]: |.Bo= +o+S.       |
[   51.529542] cloud-init[884]: |O.B+o * +        |
[   51.699147] cloud-init[884]: |oX*o . + o       |
[   51.834405] cloud-init[884]: |.o*=    o        |
[   51.932412] cloud-init[884]: | .+.             |
[   52.042288] cloud-init[884]: +----[SHA256]-----+
[   52.173737] cloud-init[884]: Generating public/private ed25519 key pair.
[   52.317235] cloud-init[884]: Your identification has been saved in /etc/ssh/ssh_host_ed25519_key.
[   52.446435] cloud-init[884]: Your public key has been saved in /etc/ssh/ssh_host_ed25519_key.pub.
[   52.606343] cloud-init[884]: The key fingerprint is:
[   52.777824] cloud-init[884]: SHA256:LPdWB//yLnbnod3Ly/t01OCjLG985zpDGotiy2elLM0 root@ubuntu-bionic[[0;32m  OK  [0m] Started Virtualbox guest utils.

[   52.933312] cloud-init[884]: The key's randomart image is:
[   53.049498] cloud-init[884]: +--[ED25519 256]--+
[   53.193095] cloud-init[884]: |                 |
[   53.248120] cloud-init[884]: |                 |
[   53.289903] [[0;32m  OK  [0m] Started LXD - container startup/shutdown.cloud-init[884]: 
|            . .  |
[   53.427870] cloud-init[884]: |       .     + ..|
[   53.494597] cloud-init[884]: |      . S   . = o|
[   53.557759] cloud-init[884]: |       o . ooo.+ |
[   53.630181] cloud-init[884]: |         ++=o=..+|
[   53.768445] cloud-init[884]: |       .+.Eo= @+B|
[   53.850847] cloud-init[884]: |       .o* ..+.^&|
[   54.001537] cloud-init[884]: +----[SHA256]-----+
[[0;32m  OK  [0m] Started Dispatcher daemon for systemd-networkd.

Ubuntu 18.04.6 LTS ubuntu-bionic ttyS0

ubuntu-bionic login: [   75.282642] cloud-init[1404]: Cloud-init v. 23.1.2-0ubuntu0~18.04.1 running 'modules:config' at Sun, 10 Nov 2024 15:09:49 +0000. Up 72.00 seconds.
ci-info: no authorized SSH keys fingerprints found for user ubuntu.
<14>Nov 10 15:09:58 cloud-init: #############################################################
<14>Nov 10 15:09:58 cloud-init: -----BEGIN SSH HOST KEY FINGERPRINTS-----
<14>Nov 10 15:09:58 cloud-init: 1024 SHA256:Qo9pAYQtOg6pfCMJSlwzxpra7V1dIjflcBcDJ+Qa9Oc root@ubuntu-bionic (DSA)
<14>Nov 10 15:09:58 cloud-init: 256 SHA256:jAnEj1o92wvklwssCvbGcsRaBKIrP8aBWxigo2fSDRA root@ubuntu-bionic (ECDSA)
<14>Nov 10 15:09:58 cloud-init: 256 SHA256:LPdWB//yLnbnod3Ly/t01OCjLG985zpDGotiy2elLM0 root@ubuntu-bionic (ED25519)
<14>Nov 10 15:09:58 cloud-init: 2048 SHA256:7KKJypHsWq8O2HKNEfGoS7ziy9Lq42dO88390IqMATo root@ubuntu-bionic (RSA)
<14>Nov 10 15:09:58 cloud-init: -----END SSH HOST KEY FINGERPRINTS-----
<14>Nov 10 15:09:58 cloud-init: #############################################################
-----BEGIN SSH HOST KEY KEYS-----
ecdsa-sha2-nistp256 AAAAE2VjZHNhLXNoYTItbmlzdHAyNTYAAAAIbmlzdHAyNTYAAABBBFwZazyeD3lYO3ruarFY8bUWNqlMCUyqBlDJIfTqsgxwI6gtnVnlo/RMH0+gSoy9J1Zmb0yxhJ95+M/TJIEvFUY= root@ubuntu-bionic
ssh-ed25519 AAAAC3NzaC1lZDI1NTE5AAAAIKV4JJ/AsIifDtn0SIKfNPIwbcBeWQFlYFYX0alwE1/8 root@ubuntu-bionic
ssh-rsa AAAAB3NzaC1yc2EAAAADAQABAAABAQDLR45Skt/f+NrQ3AKhsNarJvpi9gIJsWZrea1Jfuw7/539aRZITKMs7d43NbsfFBhGUJFfjOFnPcbOqmtULAOneytu0OdseDz4LEJxngQaISrQuuHi2jxxPxjUoPqfa0quRBu90S4kVFMP7LacqhmuiNHjzyVQQHWeL4V8/W8NNlVYbb3jQuPAWsmD3VJGMJ6m/new7/nt2Fo8pXX6VpCagk6dBK2X8bHpZwn9k8OiW05HQPNyxp+DcSvcgiy3P6NBoiVClJjY8qIzpGKhhsjnlxHRWo5WzfZjv/KI2zBZktU34k1C+69PGcGUJDUqN/wq/z3nsexRCzfto1tAKbyT root@ubuntu-bionic
-----END SSH HOST KEY KEYS-----
[   81.413030] cloud-init[1526]: Cloud-init v. 23.1.2-0ubuntu0~18.04.1 running 'modules:final' at Sun, 10 Nov 2024 15:09:56 +0000. Up 79.72 seconds.
[   81.528933] cloud-init[1526]: Cloud-init v. 23.1.2-0ubuntu0~18.04.1 finished at Sun, 10 Nov 2024 15:09:58 +0000. Datasource DataSourceNoCloud [seed=/dev/sdb][dsmode=net].  Up 81.29 seconds
